<?xml version="1.0" encoding="UTF-8"?>
<testng-results ignored="0" total="1" passed="1" failed="0" skipped="0">
  <reporter-output>
  </reporter-output>
  <suite started-at="2024-07-05T20:55:19 SGT" name="Default suite" finished-at="2024-07-05T20:55:44 SGT" duration-ms="25172">
    <groups>
    </groups>
    <test started-at="2024-07-05T20:55:19 SGT" name="Default test" finished-at="2024-07-05T20:55:44 SGT" duration-ms="25172">
      <class name="amazon.amazon_test">
        <test-method is-config="true" signature="setUp()[pri:0, instance:amazon.amazon_test@fba92d3]" started-at="2024-07-05T20:55:19 SGT" name="setUp" finished-at="2024-07-05T20:55:27 SGT" duration-ms="8433" status="PASS">
          <reporter-output>
          </reporter-output>
        </test-method> <!-- setUp -->
        <test-method signature="AmazonHome()[pri:0, instance:amazon.amazon_test@fba92d3]" started-at="2024-07-05T20:55:27 SGT" name="AmazonHome" finished-at="2024-07-05T20:55:44 SGT" duration-ms="16689" status="PASS">
          <reporter-output>
          </reporter-output>
        </test-method> <!-- AmazonHome -->
      </class> <!-- amazon.amazon_test -->
    </test> <!-- Default test -->
  </suite> <!-- Default suite -->
</testng-results>
