<?xml version="1.0" encoding="UTF-8"?>
<testng-results ignored="0" total="1" passed="1" failed="0" skipped="0">
  <reporter-output>
  </reporter-output>
  <suite started-at="2024-06-18T23:15:00 SGT" name="Default suite" finished-at="2024-06-18T23:15:18 SGT" duration-ms="18259">
    <groups>
    </groups>
    <test started-at="2024-06-18T23:15:00 SGT" name="Default test" finished-at="2024-06-18T23:15:18 SGT" duration-ms="18259">
      <class name="amazon.amazon_test">
        <test-method is-config="true" signature="setUp()[pri:0, instance:amazon.amazon_test@fba92d3]" started-at="2024-06-18T23:15:00 SGT" name="setUp" finished-at="2024-06-18T23:15:09 SGT" duration-ms="9579" status="PASS">
          <reporter-output>
          </reporter-output>
        </test-method> <!-- setUp -->
        <test-method signature="Amazon()[pri:0, instance:amazon.amazon_test@fba92d3]" started-at="2024-06-18T23:15:09 SGT" name="Amazon" finished-at="2024-06-18T23:15:18 SGT" duration-ms="8634" status="PASS">
          <reporter-output>
          </reporter-output>
        </test-method> <!-- Amazon -->
      </class> <!-- amazon.amazon_test -->
    </test> <!-- Default test -->
  </suite> <!-- Default suite -->
</testng-results>
